launcher/build/intermediates/manifest_merge_blame_file/debug/manifest-merger-blame-debug-report.txt
1<?xml version="1.0" encoding="utf-8"?>
2<manifest xmlns:android="http://schemas.android.com/apk/res/android"
3    package="com.thereto.launcher"
4    android:installLocation="preferExternal"
5    android:versionCode="1"
6    android:versionName="1.0" >
7
8    <uses-sdk
9        android:minSdkVersion="25"
10        android:targetSdkVersion="34" />
11
12    <supports-screens
12-->src\main\AndroidManifest.xml:4:3-163
13        android:anyDensity="true"
13-->src\main\AndroidManifest.xml:4:135-160
14        android:largeScreens="true"
14-->src\main\AndroidManifest.xml:4:78-105
15        android:normalScreens="true"
15-->src\main\AndroidManifest.xml:4:49-77
16        android:smallScreens="true"
16-->src\main\AndroidManifest.xml:4:21-48
17        android:xlargeScreens="true" />
17-->src\main\AndroidManifest.xml:4:106-134
18
19    <uses-permission android:name="android.permission.INTERNET" />
19-->[:unityLibrary] AndroidManifest.xml:8:5-67
19-->[:unityLibrary] AndroidManifest.xml:8:22-64
20
21    <uses-feature android:glEsVersion="0x00020000" />
21-->[:unityLibrary] AndroidManifest.xml:10:5-54
21-->[:unityLibrary] AndroidManifest.xml:10:19-51
22    <uses-feature
22-->[:unityLibrary] AndroidManifest.xml:11:5-13:36
23        android:name="android.hardware.touchscreen"
23-->[:unityLibrary] AndroidManifest.xml:12:9-52
24        android:required="false" />
24-->[:unityLibrary] AndroidManifest.xml:13:9-33
25    <uses-feature
25-->[:unityLibrary] AndroidManifest.xml:14:5-16:36
26        android:name="android.hardware.touchscreen.multitouch"
26-->[:unityLibrary] AndroidManifest.xml:15:9-63
27        android:required="false" />
27-->[:unityLibrary] AndroidManifest.xml:16:9-33
28    <uses-feature
28-->[:unityLibrary] AndroidManifest.xml:17:5-19:36
29        android:name="android.hardware.touchscreen.multitouch.distinct"
29-->[:unityLibrary] AndroidManifest.xml:18:9-72
30        android:required="false" />
30-->[:unityLibrary] AndroidManifest.xml:19:9-33
31
32    <application
32-->src\main\AndroidManifest.xml:3:3-89
33        android:banner="@drawable/app_banner"
33-->src\main\AndroidManifest.xml:3:49-86
34        android:debuggable="true"
35        android:extractNativeLibs="false"
36        android:isGame="true"
36-->[:unityLibrary] AndroidManifest.xml:23:9-30
37        android:label="@string/app_name"
37-->src\main\AndroidManifest.xml:3:16-48
38        android:testOnly="true" >
39        <meta-data
39-->[:unityLibrary] AndroidManifest.xml:24:9-26:33
40            android:name="unity.splash-mode"
40-->[:unityLibrary] AndroidManifest.xml:25:13-45
41            android:value="0" />
41-->[:unityLibrary] AndroidManifest.xml:26:13-30
42        <meta-data
42-->[:unityLibrary] AndroidManifest.xml:27:9-29:36
43            android:name="unity.splash-enable"
43-->[:unityLibrary] AndroidManifest.xml:28:13-47
44            android:value="True" />
44-->[:unityLibrary] AndroidManifest.xml:29:13-33
45        <meta-data
45-->[:unityLibrary] AndroidManifest.xml:30:9-32:36
46            android:name="unity.launch-fullscreen"
46-->[:unityLibrary] AndroidManifest.xml:31:13-51
47            android:value="True" />
47-->[:unityLibrary] AndroidManifest.xml:32:13-33
48        <meta-data
48-->[:unityLibrary] AndroidManifest.xml:33:9-35:37
49            android:name="unity.allow-resizable-window"
49-->[:unityLibrary] AndroidManifest.xml:34:13-56
50            android:value="False" />
50-->[:unityLibrary] AndroidManifest.xml:35:13-34
51        <meta-data
51-->[:unityLibrary] AndroidManifest.xml:36:9-38:36
52            android:name="unity.auto-report-fully-drawn"
52-->[:unityLibrary] AndroidManifest.xml:37:13-57
53            android:value="true" />
53-->[:unityLibrary] AndroidManifest.xml:38:13-33
54    </application>
55
56</manifest>